2025-09-26T15:56:48.769+05:30  INFO 18104 --- [Eureka-Server] [restartedMain] c.i.vehicle.EurekaServerApplication      : Starting EurekaServerApplication using Java 21.0.6 with PID 18104 (C:\Users\Welcome\OneDrive\Desktop\Insurence MS\EurekaServer\target\classes started by Welcome in C:\Users\Welcome\OneDrive\Desktop\Insurence MS\EurekaServer)
2025-09-26T15:56:48.773+05:30  INFO 18104 --- [Eureka-Server] [restartedMain] c.i.vehicle.EurekaServerApplication      : No active profile set, falling back to 1 default profile: "default"
2025-09-26T15:56:48.875+05:30  INFO 18104 --- [Eureka-Server] [restartedMain] .e.DevToolsPropertyDefaultsPostProcessor : Devtools property defaults active! Set 'spring.devtools.add-properties' to 'false' to disable
2025-09-26T15:56:48.876+05:30  INFO 18104 --- [Eureka-Server] [restartedMain] .e.DevToolsPropertyDefaultsPostProcessor : For additional web related logging consider setting the 'logging.level.web' property to 'DEBUG'
2025-09-26T15:56:50.218+05:30  INFO 18104 --- [Eureka-Server] [restartedMain] o.s.cloud.context.scope.GenericScope     : BeanFactory id=b1e5463b-13bf-30b2-87d8-6f5018282c19
2025-09-26T15:56:50.660+05:30  INFO 18104 --- [Eureka-Server] [restartedMain] o.s.b.w.embedded.tomcat.TomcatWebServer  : Tomcat initialized with port 8761 (http)
2025-09-26T15:56:50.675+05:30  INFO 18104 --- [Eureka-Server] [restartedMain] o.apache.catalina.core.StandardService   : Starting service [Tomcat]
2025-09-26T15:56:50.675+05:30  INFO 18104 --- [Eureka-Server] [restartedMain] o.apache.catalina.core.StandardEngine    : Starting Servlet engine: [Apache Tomcat/10.1.46]
2025-09-26T15:56:50.729+05:30  INFO 18104 --- [Eureka-Server] [restartedMain] o.a.c.c.C.[Tomcat].[localhost].[/]       : Initializing Spring embedded WebApplicationContext
2025-09-26T15:56:50.730+05:30  INFO 18104 --- [Eureka-Server] [restartedMain] w.s.c.ServletWebServerApplicationContext : Root WebApplicationContext: initialization completed in 1853 ms
2025-09-26T15:56:51.819+05:30  INFO 18104 --- [Eureka-Server] [restartedMain] c.n.d.provider.DiscoveryJerseyProvider   : Using JSON encoding codec LegacyJacksonJson
2025-09-26T15:56:51.821+05:30  INFO 18104 --- [Eureka-Server] [restartedMain] c.n.d.provider.DiscoveryJerseyProvider   : Using JSON decoding codec LegacyJacksonJson
2025-09-26T15:56:52.047+05:30  INFO 18104 --- [Eureka-Server] [restartedMain] c.n.d.provider.DiscoveryJerseyProvider   : Using XML encoding codec XStreamXml
2025-09-26T15:56:52.047+05:30  INFO 18104 --- [Eureka-Server] [restartedMain] c.n.d.provider.DiscoveryJerseyProvider   : Using XML decoding codec XStreamXml
2025-09-26T15:56:52.255+05:30  INFO 18104 --- [Eureka-Server] [restartedMain] o.s.v.b.OptionalValidatorFactoryBean     : Failed to set up a Bean Validation provider: jakarta.validation.NoProviderFoundException: Unable to create a Configuration, because no Jakarta Bean Validation provider could be found. Add a provider like Hibernate Validator (RI) to your classpath.
2025-09-26T15:56:53.005+05:30  INFO 18104 --- [Eureka-Server] [restartedMain] o.s.b.d.a.OptionalLiveReloadServer       : LiveReload server is running on port 35729
2025-09-26T15:56:53.090+05:30  WARN 18104 --- [Eureka-Server] [restartedMain] iguration$LoadBalancerCaffeineWarnLogger : Spring Cloud LoadBalancer is currently working with the default cache. While this cache implementation is useful for development and tests, it's recommended to use Caffeine cache in production.You can switch to using Caffeine cache, by adding it and org.springframework.cache.caffeine.CaffeineCacheManager to the classpath.
2025-09-26T15:56:53.128+05:30  INFO 18104 --- [Eureka-Server] [restartedMain] o.s.c.n.eureka.InstanceInfoFactory       : Setting initial instance status as: STARTING
2025-09-26T15:56:53.158+05:30  INFO 18104 --- [Eureka-Server] [restartedMain] com.netflix.discovery.DiscoveryClient    : Initializing Eureka in region us-east-1
2025-09-26T15:56:53.159+05:30  INFO 18104 --- [Eureka-Server] [restartedMain] com.netflix.discovery.DiscoveryClient    : Client configured to neither register nor query for data.
2025-09-26T15:56:53.165+05:30  INFO 18104 --- [Eureka-Server] [restartedMain] com.netflix.discovery.DiscoveryClient    : Discovery Client initialized at timestamp 1758882413161 with initial instances count: 0
2025-09-26T15:56:53.214+05:30  INFO 18104 --- [Eureka-Server] [restartedMain] c.n.eureka.DefaultEurekaServerContext    : Initializing ...
2025-09-26T15:56:53.216+05:30  INFO 18104 --- [Eureka-Server] [restartedMain] c.n.eureka.cluster.PeerEurekaNodes       : Adding new peer nodes [http://localhost:8761/eureka/]
2025-09-26T15:56:53.343+05:30  INFO 18104 --- [Eureka-Server] [restartedMain] c.n.d.provider.DiscoveryJerseyProvider   : Using JSON encoding codec LegacyJacksonJson
2025-09-26T15:56:53.344+05:30  INFO 18104 --- [Eureka-Server] [restartedMain] c.n.d.provider.DiscoveryJerseyProvider   : Using JSON decoding codec LegacyJacksonJson
2025-09-26T15:56:53.344+05:30  INFO 18104 --- [Eureka-Server] [restartedMain] c.n.d.provider.DiscoveryJerseyProvider   : Using XML encoding codec XStreamXml
2025-09-26T15:56:53.344+05:30  INFO 18104 --- [Eureka-Server] [restartedMain] c.n.d.provider.DiscoveryJerseyProvider   : Using XML decoding codec XStreamXml
2025-09-26T15:56:53.385+05:30  INFO 18104 --- [Eureka-Server] [restartedMain] c.n.eureka.cluster.PeerEurekaNodes       : Replica node URL:  http://localhost:8761/eureka/
2025-09-26T15:56:53.402+05:30  INFO 18104 --- [Eureka-Server] [restartedMain] c.n.e.registry.AbstractInstanceRegistry  : Finished initializing remote region registries. All known remote regions: []
2025-09-26T15:56:53.402+05:30  INFO 18104 --- [Eureka-Server] [restartedMain] c.n.eureka.DefaultEurekaServerContext    : Initialized
2025-09-26T15:56:53.419+05:30  INFO 18104 --- [Eureka-Server] [restartedMain] o.s.b.a.e.web.EndpointLinksResolver      : Exposing 1 endpoint beneath base path '/actuator'
2025-09-26T15:56:53.490+05:30  INFO 18104 --- [Eureka-Server] [restartedMain] o.s.c.n.e.s.EurekaServiceRegistry        : Registering application EUREKA-SERVER with eureka with status UP
2025-09-26T15:56:53.502+05:30  INFO 18104 --- [Eureka-Server] [Thread-15] o.s.c.n.e.server.EurekaServerBootstrap   : isAws returned false
2025-09-26T15:56:53.503+05:30  INFO 18104 --- [Eureka-Server] [Thread-15] o.s.c.n.e.server.EurekaServerBootstrap   : Initialized server context
2025-09-26T15:56:53.503+05:30  INFO 18104 --- [Eureka-Server] [Thread-15] c.n.e.r.PeerAwareInstanceRegistryImpl    : Got 1 instances from neighboring DS node
2025-09-26T15:56:53.503+05:30  INFO 18104 --- [Eureka-Server] [Thread-15] c.n.e.r.PeerAwareInstanceRegistryImpl    : Renew threshold is: 1
2025-09-26T15:56:53.503+05:30  INFO 18104 --- [Eureka-Server] [Thread-15] c.n.e.r.PeerAwareInstanceRegistryImpl    : Changing status to UP
2025-09-26T15:56:53.506+05:30  INFO 18104 --- [Eureka-Server] [Thread-15] e.s.EurekaServerInitializerConfiguration : Started Eureka Server
2025-09-26T15:56:53.519+05:30  INFO 18104 --- [Eureka-Server] [restartedMain] o.s.b.w.embedded.tomcat.TomcatWebServer  : Tomcat started on port 8761 (http) with context path '/'
2025-09-26T15:56:53.521+05:30  INFO 18104 --- [Eureka-Server] [restartedMain] .s.c.n.e.s.EurekaAutoServiceRegistration : Updating port to 8761
2025-09-26T15:56:53.542+05:30  INFO 18104 --- [Eureka-Server] [restartedMain] c.i.vehicle.EurekaServerApplication      : Started EurekaServerApplication in 5.363 seconds (process running for 6.087)
2025-09-26T15:56:53.620+05:30 ERROR 18104 --- [Eureka-Server] [restartedMain] c.i.vehicle.EurekaServerApplication      : Spring application started.
2025-09-26T15:57:53.504+05:30  INFO 18104 --- [Eureka-Server] [Eureka-EvictionTimer] c.n.e.registry.AbstractInstanceRegistry  : Running the evict task with compensationTime 0ms
2025-09-26T15:59:34.841+05:30 ERROR 20776 --- [Eureka-Server] [restartedMain] c.i.vehicle.EurekaServerApplication      : Spring application started.
2025-09-26T16:00:26.390+05:30 ERROR 30868 --- [Eureka-Server] [restartedMain] c.i.vehicle.EurekaServerApplication      : Spring application started.
2025-09-26T16:01:10.292+05:30 ERROR 11236 --- [Eureka-Server] [restartedMain] c.i.vehicle.EurekaServerApplication      : Spring application started.
2025-09-26T16:02:19.270+05:30 ERROR 35440 --- [Eureka-Server] [restartedMain] c.i.vehicle.EurekaServerApplication      : Spring application started.
2025-09-26T16:03:06.383+05:30 ERROR 24212 --- [Eureka-Server] [restartedMain] c.i.vehicle.EurekaServerApplication      : Spring application started.
